!SESSION 2017-07-06 12:02:27.819 -----------------------------------------------
eclipse.buildId=unknown
java.version=1.8.0_101
java.vendor=Oracle Corporation
BootLoader constants: OS=win32, ARCH=x86_64, WS=win32, NL=en_US
Framework arguments:  -product com.sebulli.fakturama.product
Command-line arguments:  -product com.sebulli.fakturama.product -data C:\Users\Nithin\Documents\Workspace/../runtime-com.sebulli.fakturama.product -dev file:C:/Users/Nithin/Documents/Workspace/.metadata/.plugins/org.eclipse.pde.core/com.sebulli.fakturama.product/dev.properties -os win32 -ws win32 -arch x86_64 -consoleLog

!ENTRY org.eclipse.equinox.app 0 0 2017-07-06 12:02:53.351
!MESSAGE Product com.sebulli.fakturama.product could not be found.

!ENTRY org.eclipse.osgi 2 0 2017-07-06 12:02:53.443
!MESSAGE One or more bundles are not resolved because the following root constraints are not resolved:
!SUBENTRY 1 org.eclipse.osgi 2 0 2017-07-06 12:02:53.447
!MESSAGE Bundle initial@reference:file:C:/Users/Nithin/Documents/Workspace/dastana/ was not resolved.
!SUBENTRY 2 com.sebulli.fakturama 2 0 2017-07-06 12:02:53.449
!MESSAGE Missing required bundle au.com.bytecode.opencsv_2.3.0.
!SUBENTRY 2 com.sebulli.fakturama 2 0 2017-07-06 12:02:53.450
!MESSAGE Missing required bundle ag.ion.noa_2.2.304.
!SUBENTRY 2 com.sebulli.fakturama 2 0 2017-07-06 12:02:53.450
!MESSAGE Missing required bundle org.hsqldb.hsqldb_[2.2.9,3.0.0).

!ENTRY org.eclipse.osgi 2 0 2017-07-06 12:02:53.467
!MESSAGE The following is a complete list of bundles which are not resolved, see the prior log entry for the root cause if it exists:
!SUBENTRY 1 org.eclipse.osgi 2 0 2017-07-06 12:02:53.468
!MESSAGE Bundle com.sebulli.fakturama_1.6.6 [104] was not resolved.
!SUBENTRY 2 com.sebulli.fakturama 2 0 2017-07-06 12:02:53.468
!MESSAGE Missing required bundle au.com.bytecode.opencsv_2.3.0.
!SUBENTRY 2 com.sebulli.fakturama 2 0 2017-07-06 12:02:53.469
!MESSAGE Missing required bundle org.hsqldb.hsqldb_[2.2.9,3.0.0).
!SUBENTRY 2 com.sebulli.fakturama 2 0 2017-07-06 12:02:53.471
!MESSAGE Missing required bundle ag.ion.noa_2.2.304.

!ENTRY org.eclipse.osgi 2 0 2017-07-06 12:02:53.570
!MESSAGE One or more bundles are not resolved because the following root constraints are not resolved:
!SUBENTRY 1 org.eclipse.osgi 2 0 2017-07-06 12:02:53.571
!MESSAGE Bundle initial@reference:file:C:/Users/Nithin/Documents/Workspace/dastana/ was not resolved.
!SUBENTRY 2 com.sebulli.fakturama 2 0 2017-07-06 12:02:53.571
!MESSAGE Missing required bundle au.com.bytecode.opencsv_2.3.0.
!SUBENTRY 2 com.sebulli.fakturama 2 0 2017-07-06 12:02:53.571
!MESSAGE Missing required bundle ag.ion.noa_2.2.304.
!SUBENTRY 2 com.sebulli.fakturama 2 0 2017-07-06 12:02:53.572
!MESSAGE Missing required bundle org.hsqldb.hsqldb_[2.2.9,3.0.0).

!ENTRY org.eclipse.osgi 2 0 2017-07-06 12:02:53.590
!MESSAGE The following is a complete list of bundles which are not resolved, see the prior log entry for the root cause if it exists:
!SUBENTRY 1 org.eclipse.osgi 2 0 2017-07-06 12:02:53.591
!MESSAGE Bundle com.sebulli.fakturama_1.6.6 [104] was not resolved.
!SUBENTRY 2 com.sebulli.fakturama 2 0 2017-07-06 12:02:53.596
!MESSAGE Missing required bundle au.com.bytecode.opencsv_2.3.0.
!SUBENTRY 2 com.sebulli.fakturama 2 0 2017-07-06 12:02:53.601
!MESSAGE Missing required bundle org.hsqldb.hsqldb_[2.2.9,3.0.0).
!SUBENTRY 2 com.sebulli.fakturama 2 0 2017-07-06 12:02:53.602
!MESSAGE Missing required bundle ag.ion.noa_2.2.304.

!ENTRY org.eclipse.osgi 4 0 2017-07-06 12:02:53.627
!MESSAGE Application error
!STACK 1
java.lang.RuntimeException: No application id has been found.
	at org.eclipse.equinox.internal.app.EclipseAppContainer.startDefaultApp(EclipseAppContainer.java:242)
	at org.eclipse.equinox.internal.app.MainApplicationLauncher.run(MainApplicationLauncher.java:29)
	at org.eclipse.core.runtime.internal.adaptor.EclipseAppLauncher.runApplication(EclipseAppLauncher.java:110)
	at org.eclipse.core.runtime.internal.adaptor.EclipseAppLauncher.start(EclipseAppLauncher.java:79)
	at org.eclipse.core.runtime.adaptor.EclipseStarter.run(EclipseStarter.java:354)
	at org.eclipse.core.runtime.adaptor.EclipseStarter.run(EclipseStarter.java:181)
	at sun.reflect.NativeMethodAccessorImpl.invoke0(Native Method)
	at sun.reflect.NativeMethodAccessorImpl.invoke(NativeMethodAccessorImpl.java:62)
	at sun.reflect.DelegatingMethodAccessorImpl.invoke(DelegatingMethodAccessorImpl.java:43)
	at java.lang.reflect.Method.invoke(Method.java:498)
	at org.eclipse.equinox.launcher.Main.invokeFramework(Main.java:636)
	at org.eclipse.equinox.launcher.Main.basicRun(Main.java:591)
	at org.eclipse.equinox.launcher.Main.run(Main.java:1450)
	at org.eclipse.equinox.launcher.Main.main(Main.java:1426)
